2025/04/24 05:58:50 [notice] 1#1: using the "epoll" event method
2025/04/24 05:58:50 [notice] 1#1: nginx/1.24.0
2025/04/24 05:58:50 [notice] 1#1: built by gcc 12.2.1 20220924 (Alpine 12.2.1_git20220924-r4) 
2025/04/24 05:58:50 [notice] 1#1: OS: Linux 6.11.0-1013-oem
2025/04/24 05:58:50 [notice] 1#1: getrlimit(RLIMIT_NOFILE): 1048576:1048576
2025/04/24 05:58:50 [notice] 1#1: start worker processes
2025/04/24 05:58:50 [notice] 1#1: start worker process 21
2025/04/24 05:58:50 [notice] 1#1: start worker process 22
2025/04/24 05:58:50 [notice] 1#1: start worker process 23
2025/04/24 05:58:50 [notice] 1#1: start worker process 24
2025/04/24 05:58:50 [notice] 1#1: start worker process 25
2025/04/24 05:58:50 [notice] 1#1: start worker process 26
2025/04/24 05:58:50 [notice] 1#1: start worker process 27
2025/04/24 05:58:50 [notice] 1#1: start worker process 28
2025/04/24 05:59:40 [notice] 1#1: signal 3 (SIGQUIT) received, shutting down
2025/04/24 05:59:40 [notice] 22#22: gracefully shutting down
2025/04/24 05:59:40 [notice] 24#24: gracefully shutting down
2025/04/24 05:59:40 [notice] 21#21: gracefully shutting down
2025/04/24 05:59:40 [notice] 23#23: gracefully shutting down
2025/04/24 05:59:40 [notice] 22#22: exiting
2025/04/24 05:59:40 [notice] 24#24: exiting
2025/04/24 05:59:40 [notice] 23#23: exiting
2025/04/24 05:59:40 [notice] 21#21: exiting
2025/04/24 05:59:40 [notice] 22#22: exit
2025/04/24 05:59:40 [notice] 23#23: exit
2025/04/24 05:59:40 [notice] 21#21: exit
2025/04/24 05:59:40 [notice] 24#24: exit
2025/04/24 05:59:40 [notice] 25#25: gracefully shutting down
2025/04/24 05:59:40 [notice] 25#25: exiting
2025/04/24 05:59:40 [notice] 26#26: gracefully shutting down
2025/04/24 05:59:40 [notice] 25#25: exit
2025/04/24 05:59:40 [notice] 27#27: gracefully shutting down
2025/04/24 05:59:40 [notice] 28#28: gracefully shutting down
2025/04/24 05:59:40 [notice] 26#26: exiting
2025/04/24 05:59:40 [notice] 27#27: exiting
2025/04/24 05:59:40 [notice] 28#28: exiting
2025/04/24 05:59:40 [notice] 27#27: exit
2025/04/24 05:59:40 [notice] 26#26: exit
2025/04/24 05:59:40 [notice] 28#28: exit
2025/04/24 05:59:40 [notice] 1#1: signal 17 (SIGCHLD) received from 22
2025/04/24 05:59:40 [notice] 1#1: worker process 22 exited with code 0
2025/04/24 05:59:40 [notice] 1#1: worker process 24 exited with code 0
2025/04/24 05:59:40 [notice] 1#1: worker process 27 exited with code 0
2025/04/24 05:59:40 [notice] 1#1: signal 29 (SIGIO) received
2025/04/24 05:59:40 [notice] 1#1: signal 17 (SIGCHLD) received from 27
2025/04/24 05:59:40 [notice] 1#1: signal 17 (SIGCHLD) received from 21
2025/04/24 05:59:40 [notice] 1#1: worker process 21 exited with code 0
2025/04/24 05:59:40 [notice] 1#1: signal 29 (SIGIO) received
2025/04/24 05:59:40 [notice] 1#1: signal 17 (SIGCHLD) received from 23
2025/04/24 05:59:40 [notice] 1#1: worker process 23 exited with code 0
2025/04/24 05:59:40 [notice] 1#1: signal 29 (SIGIO) received
2025/04/24 05:59:40 [notice] 1#1: signal 17 (SIGCHLD) received from 28
2025/04/24 05:59:40 [notice] 1#1: worker process 28 exited with code 0
2025/04/24 05:59:40 [notice] 1#1: signal 29 (SIGIO) received
2025/04/24 05:59:40 [notice] 1#1: signal 17 (SIGCHLD) received from 25
2025/04/24 05:59:40 [notice] 1#1: worker process 25 exited with code 0
2025/04/24 05:59:40 [notice] 1#1: worker process 26 exited with code 0
2025/04/24 05:59:40 [notice] 1#1: exit
2025/04/24 05:59:48 [notice] 1#1: using the "epoll" event method
2025/04/24 05:59:48 [notice] 1#1: nginx/1.24.0
2025/04/24 05:59:48 [notice] 1#1: built by gcc 12.2.1 20220924 (Alpine 12.2.1_git20220924-r4) 
2025/04/24 05:59:48 [notice] 1#1: OS: Linux 6.11.0-1013-oem
2025/04/24 05:59:48 [notice] 1#1: getrlimit(RLIMIT_NOFILE): 1048576:1048576
2025/04/24 05:59:48 [notice] 1#1: start worker processes
2025/04/24 05:59:48 [notice] 1#1: start worker process 21
2025/04/24 05:59:48 [notice] 1#1: start worker process 22
2025/04/24 05:59:48 [notice] 1#1: start worker process 23
2025/04/24 05:59:48 [notice] 1#1: start worker process 24
2025/04/24 05:59:48 [notice] 1#1: start worker process 25
2025/04/24 05:59:48 [notice] 1#1: start worker process 26
2025/04/24 05:59:48 [notice] 1#1: start worker process 27
2025/04/24 05:59:48 [notice] 1#1: start worker process 28
2025/04/24 06:24:18 [notice] 1#1: signal 3 (SIGQUIT) received, shutting down
2025/04/24 06:24:18 [notice] 23#23: gracefully shutting down
2025/04/24 06:24:18 [notice] 23#23: exiting
2025/04/24 06:24:18 [notice] 23#23: exit
2025/04/24 06:24:18 [notice] 21#21: gracefully shutting down
2025/04/24 06:24:18 [notice] 21#21: exiting
2025/04/24 06:24:18 [notice] 21#21: exit
2025/04/24 06:24:18 [notice] 22#22: gracefully shutting down
2025/04/24 06:24:18 [notice] 22#22: exiting
2025/04/24 06:24:18 [notice] 22#22: exit
2025/04/24 06:24:18 [notice] 26#26: gracefully shutting down
2025/04/24 06:24:18 [notice] 25#25: gracefully shutting down
2025/04/24 06:24:18 [notice] 26#26: exiting
2025/04/24 06:24:18 [notice] 25#25: exiting
2025/04/24 06:24:18 [notice] 26#26: exit
2025/04/24 06:24:18 [notice] 25#25: exit
2025/04/24 06:24:18 [notice] 24#24: gracefully shutting down
2025/04/24 06:24:18 [notice] 24#24: exiting
2025/04/24 06:24:18 [notice] 24#24: exit
2025/04/24 06:24:18 [notice] 27#27: gracefully shutting down
2025/04/24 06:24:18 [notice] 27#27: exiting
2025/04/24 06:24:18 [notice] 27#27: exit
2025/04/24 06:24:18 [notice] 28#28: gracefully shutting down
2025/04/24 06:24:18 [notice] 28#28: exiting
2025/04/24 06:24:18 [notice] 28#28: exit
2025/04/24 06:24:18 [notice] 1#1: signal 17 (SIGCHLD) received from 23
2025/04/24 06:24:18 [notice] 1#1: worker process 23 exited with code 0
2025/04/24 06:24:18 [notice] 1#1: signal 29 (SIGIO) received
2025/04/24 06:24:18 [notice] 1#1: signal 17 (SIGCHLD) received from 21
2025/04/24 06:24:18 [notice] 1#1: worker process 21 exited with code 0
2025/04/24 06:24:18 [notice] 1#1: worker process 26 exited with code 0
2025/04/24 06:24:18 [notice] 1#1: signal 29 (SIGIO) received
2025/04/24 06:24:18 [notice] 1#1: signal 17 (SIGCHLD) received from 25
2025/04/24 06:24:18 [notice] 1#1: worker process 24 exited with code 0
2025/04/24 06:24:18 [notice] 1#1: worker process 25 exited with code 0
2025/04/24 06:24:18 [notice] 1#1: signal 29 (SIGIO) received
2025/04/24 06:24:18 [notice] 1#1: signal 17 (SIGCHLD) received from 27
2025/04/24 06:24:18 [notice] 1#1: worker process 22 exited with code 0
2025/04/24 06:24:18 [notice] 1#1: worker process 27 exited with code 0
2025/04/24 06:24:18 [notice] 1#1: signal 29 (SIGIO) received
2025/04/24 06:24:18 [notice] 1#1: signal 17 (SIGCHLD) received from 28
2025/04/24 06:24:18 [notice] 1#1: worker process 28 exited with code 0
2025/04/24 06:24:18 [notice] 1#1: exit
2025/04/24 06:24:33 [notice] 1#1: using the "epoll" event method
2025/04/24 06:24:33 [notice] 1#1: nginx/1.24.0
2025/04/24 06:24:33 [notice] 1#1: built by gcc 12.2.1 20220924 (Alpine 12.2.1_git20220924-r4) 
2025/04/24 06:24:33 [notice] 1#1: OS: Linux 6.11.0-1013-oem
2025/04/24 06:24:33 [notice] 1#1: getrlimit(RLIMIT_NOFILE): 1048576:1048576
2025/04/24 06:24:33 [notice] 1#1: start worker processes
2025/04/24 06:24:33 [notice] 1#1: start worker process 21
2025/04/24 06:24:33 [notice] 1#1: start worker process 22
2025/04/24 06:24:33 [notice] 1#1: start worker process 23
2025/04/24 06:24:33 [notice] 1#1: start worker process 24
2025/04/24 06:24:33 [notice] 1#1: start worker process 25
2025/04/24 06:24:33 [notice] 1#1: start worker process 26
2025/04/24 06:24:33 [notice] 1#1: start worker process 27
2025/04/24 06:24:33 [notice] 1#1: start worker process 28
2025/04/24 08:24:48 [notice] 1#1: using the "epoll" event method
2025/04/24 08:24:48 [notice] 1#1: nginx/1.24.0
2025/04/24 08:24:48 [notice] 1#1: built by gcc 12.2.1 20220924 (Alpine 12.2.1_git20220924-r4) 
2025/04/24 08:24:48 [notice] 1#1: OS: Linux 6.11.0-1013-oem
2025/04/24 08:24:48 [notice] 1#1: getrlimit(RLIMIT_NOFILE): 1048576:1048576
2025/04/24 08:24:48 [notice] 1#1: start worker processes
2025/04/24 08:24:48 [notice] 1#1: start worker process 21
2025/04/24 08:24:48 [notice] 1#1: start worker process 22
2025/04/24 08:24:48 [notice] 1#1: start worker process 23
2025/04/24 08:24:48 [notice] 1#1: start worker process 24
2025/04/24 08:24:48 [notice] 1#1: start worker process 25
2025/04/24 08:24:48 [notice] 1#1: start worker process 26
2025/04/24 08:24:48 [notice] 1#1: start worker process 27
2025/04/24 08:24:48 [notice] 1#1: start worker process 28
